18:58:02.620 [main] INFO  testCases.TC004_LoginDataDrivenTest - Inside Account Logout page
18:58:03.333 [main] INFO  testCases.TC004_LoginDataDrivenTest - **** Starting TC004_LoginDataDrivenTest execution ****
18:58:03.355 [main] INFO  testCases.TC004_LoginDataDrivenTest - Inside the Home Page
18:58:03.413 [main] INFO  testCases.TC004_LoginDataDrivenTest - Clicked My Account
18:58:03.646 [main] INFO  testCases.TC004_LoginDataDrivenTest - Clicked Login Link from Home Page
18:58:03.663 [main] INFO  testCases.TC004_LoginDataDrivenTest - Inside the Login Page
18:58:03.663 [main] INFO  testCases.TC004_LoginDataDrivenTest - Entering user credentials
18:58:04.374 [main] INFO  testCases.TC004_LoginDataDrivenTest - Clicked on Login Button and trying to Login...
18:58:04.375 [main] INFO  testCases.TC004_LoginDataDrivenTest - Validation begins...
18:58:04.444 [main] INFO  testCases.TC004_LoginDataDrivenTest - This combination is invalid but we are logged in. Test case failed laksh@yahoo.com
18:58:04.772 [main] INFO  testCases.TC004_LoginDataDrivenTest - Inside Account Logout page
18:58:05.352 [main] INFO  testCases.TC004_LoginDataDrivenTest - **** Starting TC004_LoginDataDrivenTest execution ****
18:58:05.376 [main] INFO  testCases.TC004_LoginDataDrivenTest - Inside the Home Page
18:58:05.427 [main] INFO  testCases.TC004_LoginDataDrivenTest - Clicked My Account
18:58:05.655 [main] INFO  testCases.TC004_LoginDataDrivenTest - Clicked Login Link from Home Page
18:58:05.670 [main] INFO  testCases.TC004_LoginDataDrivenTest - Inside the Login Page
18:58:05.671 [main] INFO  testCases.TC004_LoginDataDrivenTest - Entering user credentials
18:58:06.230 [main] INFO  testCases.TC004_LoginDataDrivenTest - Clicked on Login Button and trying to Login...
18:58:06.230 [main] INFO  testCases.TC004_LoginDataDrivenTest - Validation begins...
18:58:16.748 [main] INFO  testCases.TC004_LoginDataDrivenTest - This combination is invalid and we are not logged in. Test case Pass laks@yahoo.com
18:58:16.748 [main] INFO  testCases.TC004_LoginDataDrivenTest - Validation ends...
18:58:16.748 [main] INFO  testCases.TC004_LoginDataDrivenTest - **** Finished TC004_LoginDataDrivenTest execution ****
18:58:17.059 [main] INFO  testCases.TC004_LoginDataDrivenTest - **** Starting TC004_LoginDataDrivenTest execution ****
18:58:17.080 [main] INFO  testCases.TC004_LoginDataDrivenTest - Inside the Home Page
18:58:17.138 [main] INFO  testCases.TC004_LoginDataDrivenTest - Clicked My Account
18:58:17.409 [main] INFO  testCases.TC004_LoginDataDrivenTest - Clicked Login Link from Home Page
18:58:17.428 [main] INFO  testCases.TC004_LoginDataDrivenTest - Inside the Login Page
18:58:17.428 [main] INFO  testCases.TC004_LoginDataDrivenTest - Entering user credentials
18:58:18.107 [main] INFO  testCases.TC004_LoginDataDrivenTest - Clicked on Login Button and trying to Login...
18:58:18.107 [main] INFO  testCases.TC004_LoginDataDrivenTest - Validation begins...
18:58:18.202 [main] INFO  testCases.TC004_LoginDataDrivenTest - This combination is valid and we are successfully logged in. Test case Pass abc123@gmail.com
18:58:18.533 [main] INFO  testCases.TC004_LoginDataDrivenTest - Inside Account Logout page
18:58:18.815 [main] INFO  testCases.TC004_LoginDataDrivenTest - Validation ends...
18:58:18.815 [main] INFO  testCases.TC004_LoginDataDrivenTest - **** Finished TC004_LoginDataDrivenTest execution ****
18:58:19.053 [main] INFO  testCases.TC004_LoginDataDrivenTest - **** Starting TC004_LoginDataDrivenTest execution ****
18:58:19.061 [main] INFO  testCases.TC004_LoginDataDrivenTest - Inside the Home Page
18:58:19.145 [main] INFO  testCases.TC004_LoginDataDrivenTest - Clicked My Account
18:58:19.386 [main] INFO  testCases.TC004_LoginDataDrivenTest - Clicked Login Link from Home Page
18:58:19.392 [main] INFO  testCases.TC004_LoginDataDrivenTest - Inside the Login Page
18:58:19.392 [main] INFO  testCases.TC004_LoginDataDrivenTest - Entering user credentials
18:58:19.951 [main] INFO  testCases.TC004_LoginDataDrivenTest - Clicked on Login Button and trying to Login...
18:58:19.951 [main] INFO  testCases.TC004_LoginDataDrivenTest - Validation begins...
18:58:29.967 [main] INFO  testCases.TC004_LoginDataDrivenTest - This combination is invalid and we are not logged in. Test case Pass 
18:58:29.967 [main] INFO  testCases.TC004_LoginDataDrivenTest - Validation ends...
18:58:29.967 [main] INFO  testCases.TC004_LoginDataDrivenTest - **** Finished TC004_LoginDataDrivenTest execution ****
19:00:40.715 [main] INFO  org.testng.internal.Utils - [TestNG] Running:
  K:\OpenCart\OpenCart\master.xml

19:00:44.892 [main] INFO  testCases.TC004_LoginDataDrivenTest - **** Starting TC004_LoginDataDrivenTest execution ****
19:00:44.922 [main] INFO  testCases.TC004_LoginDataDrivenTest - Inside the Home Page
19:00:44.987 [main] INFO  testCases.TC004_LoginDataDrivenTest - Clicked My Account
19:00:45.374 [main] INFO  testCases.TC004_LoginDataDrivenTest - Clicked Login Link from Home Page
19:00:45.385 [main] INFO  testCases.TC004_LoginDataDrivenTest - Inside the Login Page
19:00:45.385 [main] INFO  testCases.TC004_LoginDataDrivenTest - Entering user credentials
19:00:45.991 [main] INFO  testCases.TC004_LoginDataDrivenTest - Clicked on Login Button and trying to Login...
19:00:45.992 [main] INFO  testCases.TC004_LoginDataDrivenTest - Validation begins...
19:00:56.389 [main] INFO  testCases.TC004_LoginDataDrivenTest - This combination is valid but we are not successfully logged in. Test case Failed pavanoltraining@gmail.com
19:00:56.803 [main] INFO  testCases.TC004_LoginDataDrivenTest - **** Starting TC004_LoginDataDrivenTest execution ****
19:00:56.817 [main] INFO  testCases.TC004_LoginDataDrivenTest - Inside the Home Page
19:00:56.876 [main] INFO  testCases.TC004_LoginDataDrivenTest - Clicked My Account
19:00:57.109 [main] INFO  testCases.TC004_LoginDataDrivenTest - Clicked Login Link from Home Page
19:00:57.120 [main] INFO  testCases.TC004_LoginDataDrivenTest - Inside the Login Page
19:00:57.120 [main] INFO  testCases.TC004_LoginDataDrivenTest - Entering user credentials
19:00:57.786 [main] INFO  testCases.TC004_LoginDataDrivenTest - Clicked on Login Button and trying to Login...
19:00:57.786 [main] INFO  testCases.TC004_LoginDataDrivenTest - Validation begins...
19:00:57.867 [main] INFO  testCases.TC004_LoginDataDrivenTest - This combination is invalid but we are logged in. Test case failed lakshmi@yahoo.com
19:00:58.191 [main] INFO  testCases.TC004_LoginDataDrivenTest - Inside Account Logout page
19:00:58.797 [main] INFO  testCases.TC004_LoginDataDrivenTest - **** Starting TC004_LoginDataDrivenTest execution ****
19:00:58.811 [main] INFO  testCases.TC004_LoginDataDrivenTest - Inside the Home Page
19:00:58.875 [main] INFO  testCases.TC004_LoginDataDrivenTest - Clicked My Account
19:00:59.102 [main] INFO  testCases.TC004_LoginDataDrivenTest - Clicked Login Link from Home Page
19:00:59.112 [main] INFO  testCases.TC004_LoginDataDrivenTest - Inside the Login Page
19:00:59.112 [main] INFO  testCases.TC004_LoginDataDrivenTest - Entering user credentials
19:00:59.777 [main] INFO  testCases.TC004_LoginDataDrivenTest - Clicked on Login Button and trying to Login...
19:00:59.777 [main] INFO  testCases.TC004_LoginDataDrivenTest - Validation begins...
19:00:59.827 [main] INFO  testCases.TC004_LoginDataDrivenTest - This combination is invalid but we are logged in. Test case failed laksh@yahoo.com
19:01:00.171 [main] INFO  testCases.TC004_LoginDataDrivenTest - Inside Account Logout page
19:01:00.833 [main] INFO  testCases.TC004_LoginDataDrivenTest - **** Starting TC004_LoginDataDrivenTest execution ****
19:01:00.839 [main] INFO  testCases.TC004_LoginDataDrivenTest - Inside the Home Page
19:01:00.899 [main] INFO  testCases.TC004_LoginDataDrivenTest - Clicked My Account
19:01:01.159 [main] INFO  testCases.TC004_LoginDataDrivenTest - Clicked Login Link from Home Page
19:01:01.162 [main] INFO  testCases.TC004_LoginDataDrivenTest - Inside the Login Page
19:01:01.162 [main] INFO  testCases.TC004_LoginDataDrivenTest - Entering user credentials
19:01:01.715 [main] INFO  testCases.TC004_LoginDataDrivenTest - Clicked on Login Button and trying to Login...
19:01:01.715 [main] INFO  testCases.TC004_LoginDataDrivenTest - Validation begins...
19:01:12.260 [main] INFO  testCases.TC004_LoginDataDrivenTest - This combination is invalid and we are not logged in. Test case Pass laks@yahoo.com
19:01:12.260 [main] INFO  testCases.TC004_LoginDataDrivenTest - Validation ends...
19:01:12.260 [main] INFO  testCases.TC004_LoginDataDrivenTest - **** Finished TC004_LoginDataDrivenTest execution ****
19:01:12.621 [main] INFO  testCases.TC004_LoginDataDrivenTest - **** Starting TC004_LoginDataDrivenTest execution ****
19:01:12.633 [main] INFO  testCases.TC004_LoginDataDrivenTest - Inside the Home Page
19:01:12.700 [main] INFO  testCases.TC004_LoginDataDrivenTest - Clicked My Account
19:01:12.949 [main] INFO  testCases.TC004_LoginDataDrivenTest - Clicked Login Link from Home Page
19:01:12.960 [main] INFO  testCases.TC004_LoginDataDrivenTest - Inside the Login Page
19:01:12.960 [main] INFO  testCases.TC004_LoginDataDrivenTest - Entering user credentials
19:01:13.656 [main] INFO  testCases.TC004_LoginDataDrivenTest - Clicked on Login Button and trying to Login...
19:01:13.656 [main] INFO  testCases.TC004_LoginDataDrivenTest - Validation begins...
19:01:13.760 [main] INFO  testCases.TC004_LoginDataDrivenTest - This combination is valid and we are successfully logged in. Test case Pass abc123@gmail.com
19:01:14.090 [main] INFO  testCases.TC004_LoginDataDrivenTest - Inside Account Logout page
19:01:14.331 [main] INFO  testCases.TC004_LoginDataDrivenTest - Validation ends...
19:01:14.331 [main] INFO  testCases.TC004_LoginDataDrivenTest - **** Finished TC004_LoginDataDrivenTest execution ****
19:01:14.570 [main] INFO  testCases.TC004_LoginDataDrivenTest - **** Starting TC004_LoginDataDrivenTest execution ****
