11:38:39.894 [main] INFO  org.testng.internal.Utils - [TestNG] Running:
  K:\OpenCart\OpenCart\master.xml

11:38:44.029 [main] INFO  testCases.TC003_ValidUserLoginTest - **** Starting TC003_ValidUserLoginTest execution ****
11:38:44.060 [main] INFO  testCases.TC003_ValidUserLoginTest - Inside Home Page
11:38:44.131 [main] INFO  testCases.TC003_ValidUserLoginTest - Clicked My Account
11:38:44.483 [main] INFO  testCases.TC003_ValidUserLoginTest - Clicked Login Link
11:38:44.495 [main] INFO  testCases.TC003_ValidUserLoginTest - Inside Login Page
11:38:44.495 [main] INFO  testCases.TC003_ValidUserLoginTest - Entering user credentials
11:38:44.978 [main] INFO  testCases.TC003_ValidUserLoginTest - Clicked on Continue button
11:38:55.449 [main] ERROR testCases.TC003_ValidUserLoginTest - Error Message -> Expected condition failed: waiting for title to contain "My Account". Current title: "Account Login" (tried for 10 second(s) with 500 milliseconds interval)
Build info: version: '4.15.0', revision: '1d14b5521b'
System info: os.name: 'Windows 11', os.arch: 'amd64', os.version: '10.0', java.version: '23'
Driver info: org.openqa.selenium.chrome.ChromeDriver
Capabilities {acceptInsecureCerts: false, browserName: chrome, browserVersion: 131.0.6778.205, chrome: {chromedriverVersion: 131.0.6778.204 (52183f9e99a..., userDataDir: C:\Users\subha\AppData\Loca...}, fedcm:accounts: true, goog:chromeOptions: {debuggerAddress: localhost:50725}, networkConnectionEnabled: false, pageLoadStrategy: normal, platformName: windows, proxy: Proxy(), se:cdp: ws://localhost:50725/devtoo..., se:cdpVersion: 131.0.6778.205, setWindowRect: true, strictFileInteractability: false, timeouts: {implicit: 0, pageLoad: 300000, script: 30000}, unhandledPromptBehavior: dismiss and notify, webauthn:extension:credBlob: true, webauthn:extension:largeBlob: true, webauthn:extension:minPinLength: true, webauthn:extension:prf: true, webauthn:virtualAuthenticators: true}
Session ID: 325c1543428bd4b02668a1d39106da8e
11:38:55.671 [main] INFO  testCases.TC003_ValidUserLoginTest - **** Starting TC003_ValidUserLoginTest execution ****
11:38:55.681 [main] INFO  testCases.TC003_ValidUserLoginTest - Inside Home Page
11:38:55.739 [main] INFO  testCases.TC003_ValidUserLoginTest - Clicked My Account
11:38:56.018 [main] INFO  testCases.TC003_ValidUserLoginTest - Clicked Login Link
11:38:56.024 [main] INFO  testCases.TC003_ValidUserLoginTest - Inside Login Page
11:38:56.024 [main] INFO  testCases.TC003_ValidUserLoginTest - Entering user credentials
11:38:56.518 [main] INFO  testCases.TC003_ValidUserLoginTest - Clicked on Continue button
11:39:06.561 [main] ERROR testCases.TC003_ValidUserLoginTest - Error Message -> Expected condition failed: waiting for title to contain "My Account". Current title: "Account Login" (tried for 10 second(s) with 500 milliseconds interval)
Build info: version: '4.15.0', revision: '1d14b5521b'
System info: os.name: 'Windows 11', os.arch: 'amd64', os.version: '10.0', java.version: '23'
Driver info: org.openqa.selenium.chrome.ChromeDriver
Capabilities {acceptInsecureCerts: false, browserName: chrome, browserVersion: 131.0.6778.205, chrome: {chromedriverVersion: 131.0.6778.204 (52183f9e99a..., userDataDir: C:\Users\subha\AppData\Loca...}, fedcm:accounts: true, goog:chromeOptions: {debuggerAddress: localhost:50725}, networkConnectionEnabled: false, pageLoadStrategy: normal, platformName: windows, proxy: Proxy(), se:cdp: ws://localhost:50725/devtoo..., se:cdpVersion: 131.0.6778.205, setWindowRect: true, strictFileInteractability: false, timeouts: {implicit: 0, pageLoad: 300000, script: 30000}, unhandledPromptBehavior: dismiss and notify, webauthn:extension:credBlob: true, webauthn:extension:largeBlob: true, webauthn:extension:minPinLength: true, webauthn:extension:prf: true, webauthn:virtualAuthenticators: true}
Session ID: 325c1543428bd4b02668a1d39106da8e
11:39:06.876 [main] INFO  testCases.TC003_ValidUserLoginTest - **** Starting TC003_ValidUserLoginTest execution ****
11:39:06.884 [main] INFO  testCases.TC003_ValidUserLoginTest - Inside Home Page
11:39:06.974 [main] INFO  testCases.TC003_ValidUserLoginTest - Clicked My Account
11:39:07.202 [main] INFO  testCases.TC003_ValidUserLoginTest - Clicked Login Link
11:39:07.207 [main] INFO  testCases.TC003_ValidUserLoginTest - Inside Login Page
11:39:07.207 [main] INFO  testCases.TC003_ValidUserLoginTest - Entering user credentials
11:39:07.630 [main] INFO  testCases.TC003_ValidUserLoginTest - Clicked on Continue button
11:39:18.166 [main] ERROR testCases.TC003_ValidUserLoginTest - Error Message -> Expected condition failed: waiting for title to contain "My Account". Current title: "Account Login" (tried for 10 second(s) with 500 milliseconds interval)
Build info: version: '4.15.0', revision: '1d14b5521b'
System info: os.name: 'Windows 11', os.arch: 'amd64', os.version: '10.0', java.version: '23'
Driver info: org.openqa.selenium.chrome.ChromeDriver
Capabilities {acceptInsecureCerts: false, browserName: chrome, browserVersion: 131.0.6778.205, chrome: {chromedriverVersion: 131.0.6778.204 (52183f9e99a..., userDataDir: C:\Users\subha\AppData\Loca...}, fedcm:accounts: true, goog:chromeOptions: {debuggerAddress: localhost:50725}, networkConnectionEnabled: false, pageLoadStrategy: normal, platformName: windows, proxy: Proxy(), se:cdp: ws://localhost:50725/devtoo..., se:cdpVersion: 131.0.6778.205, setWindowRect: true, strictFileInteractability: false, timeouts: {implicit: 0, pageLoad: 300000, script: 30000}, unhandledPromptBehavior: dismiss and notify, webauthn:extension:credBlob: true, webauthn:extension:largeBlob: true, webauthn:extension:minPinLength: true, webauthn:extension:prf: true, webauthn:virtualAuthenticators: true}
Session ID: 325c1543428bd4b02668a1d39106da8e
11:39:18.490 [main] INFO  testCases.TC003_ValidUserLoginTest - **** Starting TC003_ValidUserLoginTest execution ****
11:39:18.499 [main] INFO  testCases.TC003_ValidUserLoginTest - Inside Home Page
11:39:18.559 [main] INFO  testCases.TC003_ValidUserLoginTest - Clicked My Account
11:39:18.805 [main] INFO  testCases.TC003_ValidUserLoginTest - Clicked Login Link
11:39:18.807 [main] INFO  testCases.TC003_ValidUserLoginTest - Inside Login Page
11:39:18.807 [main] INFO  testCases.TC003_ValidUserLoginTest - Entering user credentials
11:39:19.161 [main] INFO  testCases.TC003_ValidUserLoginTest - Clicked on Continue button
11:39:29.224 [main] ERROR testCases.TC003_ValidUserLoginTest - Error Message -> Expected condition failed: waiting for title to contain "My Account". Current title: "Account Login" (tried for 10 second(s) with 500 milliseconds interval)
Build info: version: '4.15.0', revision: '1d14b5521b'
System info: os.name: 'Windows 11', os.arch: 'amd64', os.version: '10.0', java.version: '23'
Driver info: org.openqa.selenium.chrome.ChromeDriver
Capabilities {acceptInsecureCerts: false, browserName: chrome, browserVersion: 131.0.6778.205, chrome: {chromedriverVersion: 131.0.6778.204 (52183f9e99a..., userDataDir: C:\Users\subha\AppData\Loca...}, fedcm:accounts: true, goog:chromeOptions: {debuggerAddress: localhost:50725}, networkConnectionEnabled: false, pageLoadStrategy: normal, platformName: windows, proxy: Proxy(), se:cdp: ws://localhost:50725/devtoo..., se:cdpVersion: 131.0.6778.205, setWindowRect: true, strictFileInteractability: false, timeouts: {implicit: 0, pageLoad: 300000, script: 30000}, unhandledPromptBehavior: dismiss and notify, webauthn:extension:credBlob: true, webauthn:extension:largeBlob: true, webauthn:extension:minPinLength: true, webauthn:extension:prf: true, webauthn:virtualAuthenticators: true}
Session ID: 325c1543428bd4b02668a1d39106da8e
11:41:15.697 [main] INFO  org.testng.internal.Utils - [TestNG] Running:
  K:\OpenCart\OpenCart\master.xml

11:41:18.965 [main] INFO  testCases.TC003_ValidUserLoginTest - **** Starting TC003_ValidUserLoginTest execution ****
11:41:18.995 [main] INFO  testCases.TC003_ValidUserLoginTest - Inside Home Page
11:41:19.067 [main] INFO  testCases.TC003_ValidUserLoginTest - Clicked My Account
11:41:19.321 [main] INFO  testCases.TC003_ValidUserLoginTest - Clicked Login Link
11:41:19.334 [main] INFO  testCases.TC003_ValidUserLoginTest - Inside Login Page
11:41:19.334 [main] INFO  testCases.TC003_ValidUserLoginTest - Entering user credentials
11:41:20.069 [main] INFO  testCases.TC003_ValidUserLoginTest - Clicked on Continue button
11:41:20.080 [main] INFO  testCases.TC003_ValidUserLoginTest - Starting validation
11:41:20.123 [main] INFO  testCases.TC003_ValidUserLoginTest - Validation successfull
11:41:20.125 [main] INFO  testCases.TC003_ValidUserLoginTest - **** Finished TC003_ValidUserLoginTest execution ****
11:43:03.763 [main] INFO  org.testng.internal.Utils - [TestNG] Running:
  K:\OpenCart\OpenCart\grouping.xml

11:43:07.181 [main] INFO  testCases.TC001_AccountRegistrationTest - **** Started TC001_AccountRegistrationTest execution ****
11:43:07.213 [main] INFO  testCases.TC001_AccountRegistrationTest - Inside the Home Page...
11:43:07.283 [main] INFO  testCases.TC001_AccountRegistrationTest - Clicked on My Account
11:43:07.622 [main] INFO  testCases.TC001_AccountRegistrationTest - Clicked on Register Link
11:43:07.633 [main] INFO  testCases.TC001_AccountRegistrationTest - Inside Registration Page
11:43:07.633 [main] INFO  testCases.TC001_AccountRegistrationTest - Entering all the Customer details...
11:43:09.559 [main] INFO  testCases.TC001_AccountRegistrationTest - Successfully entered all the details of the Customer...
11:43:10.105 [main] INFO  testCases.TC001_AccountRegistrationTest - Clicked on Continue button
11:43:10.105 [main] INFO  testCases.TC001_AccountRegistrationTest - About to start validation message
11:43:10.161 [main] INFO  testCases.TC001_AccountRegistrationTest - Validation Passed
11:43:10.162 [main] INFO  testCases.TC001_AccountRegistrationTest - **** Finished TC001_AccountRegistrationTest execution ****
11:43:12.881 [main] INFO  testCases.TC002_AccountRegistrationDiffPasswordTest - **** Starting TC002_AccountRegistrationDiffPasswordTest execution ****
